<?xml version="1.0" encoding="UTF-8"?>
<!-- Generated by org.testng.reporters.JUnitReportReporter -->
<testsuite skipped="0" hostname="DESKTOP-KGAEIQP" name="tests.XMLSchemaValidation" tests="1" failures="0" timestamp="2021-03-08T17:17:58 EST" time="2.618" errors="0">
  <testcase name="schemaValidation" time="2.618" classname="tests.XMLSchemaValidation"/>
  <system-out/>
</testsuite> <!-- tests.XMLSchemaValidation -->
