<?xml version="1.0" encoding="UTF-8"?>
<!-- Generated by org.testng.reporters.JUnitReportReporter -->
<testsuite skipped="0" hostname="DESKTOP-KGAEIQP" name="tests.JSONSchemaValidator" tests="1" failures="0" timestamp="2021-03-08T13:44:17 EST" time="2.052" errors="0">
  <testcase name="testGet" time="2.052" classname="tests.JSONSchemaValidator"/>
  <system-out/>
</testsuite> <!-- tests.JSONSchemaValidator -->
