<?xml version="1.0" encoding="UTF-8"?>
<!-- Generated by org.testng.reporters.JUnitReportReporter -->
<testsuite skipped="0" hostname="DESKTOP-KGAEIQP" name="tests.TestExamples" tests="2" failures="0" timestamp="2021-02-27T20:40:58 EST" time="2.683" errors="0">
  <testcase name="test_2" time="0.732" classname="tests.TestExamples"/>
  <system-out/>
  <testcase name="test_1" time="1.951" classname="tests.TestExamples"/>
  <system-out/>
</testsuite> <!-- tests.TestExamples -->
