<?xml version="1.0" encoding="UTF-8"?>
<!-- Generated by org.testng.reporters.JUnitReportReporter -->
<testsuite skipped="0" hostname="DESKTOP-KGAEIQP" name="tests.SoapXMLRequest" tests="1" failures="0" timestamp="2021-03-08T16:55:56 EST" time="2.385" errors="0">
  <testcase name="validateSoapXML" time="2.385" classname="tests.SoapXMLRequest"/>
  <system-out/>
</testsuite> <!-- tests.SoapXMLRequest -->
