<?xml version="1.0" encoding="UTF-8"?>
<!-- Generated by org.testng.reporters.JUnitReportReporter -->
<testsuite skipped="0" hostname="DESKTOP-KGAEIQP" name="tests.TestOnLocalAPI" tests="1" failures="0" timestamp="2021-02-27T22:06:58 EST" time="1.744" errors="0">
  <testcase name="delete" time="1.744" classname="tests.TestOnLocalAPI"/>
  <system-out/>
</testsuite> <!-- tests.TestOnLocalAPI -->
