<?xml version="1.0" encoding="UTF-8"?>
<!-- Generated by org.testng.reporters.JUnitReportReporter -->
<testsuite skipped="0" hostname="DESKTOP-KGAEIQP" name="tests.GetAndPostExamples" tests="1" failures="0" timestamp="2021-02-27T20:58:08 EST" time="2.159" errors="0">
  <testcase name="testPost" time="2.159" classname="tests.GetAndPostExamples"/>
  <system-out/>
</testsuite> <!-- tests.GetAndPostExamples -->
