<?xml version="1.0" encoding="UTF-8"?>
<!-- Generated by org.testng.reporters.JUnitReportReporter -->
<testsuite skipped="0" hostname="DESKTOP-KGAEIQP" name="tests.PutPatchDeleteExamples" tests="3" failures="0" timestamp="2021-02-27T21:19:21 EST" time="2.773" errors="0">
  <testcase name="testDelete" time="2.064" classname="tests.PutPatchDeleteExamples"/>
  <system-out/>
  <testcase name="testPatch" time="0.379" classname="tests.PutPatchDeleteExamples"/>
  <system-out/>
  <testcase name="testPut" time="0.330" classname="tests.PutPatchDeleteExamples"/>
  <system-out/>
</testsuite> <!-- tests.PutPatchDeleteExamples -->
